Base path: C:/Program Files/Unity/Editor/Data
Cmd: getPlatforms
Cmd: compileSnippet
  api=1 type=1 insize=1023 outsize=3932 kw=DIRECTIONAL SHADOWS_SCREEN _EMISSION pd=UNITY_ENABLE_REFLECTION_BUFFERS UNITY_PBS_USE_BRDF1 UNITY_SPECCUBE_BOX_PROJECTION UNITY_SPECCUBE_BLENDING SHADER_API_DESKTOP UNITY_COLORSPACE_GAMMA ok=1
Cmd: disassembleShader
  api=12 insize=3932 outsize=7172 ok=1
Cmd: disassembleShader
  api=10 insize=1072 outsize=1724 ok=1
Cmd: disassembleShader
  api=15 insize=1718 outsize=3046 ok=1
Cmd: disassembleShader
  api=15 insize=1790 outsize=3185 ok=1
Cmd: disassembleShader
  api=15 insize=1790 outsize=3185 ok=1
Cmd: disassembleShader
  api=17 insize=2998 outsize=4407 ok=1
Cmd: disassembleShader
  api=17 insize=2958 outsize=4419 ok=1
Cmd: disassembleShader
  api=17 insize=3622 outsize=5389 ok=1
Cmd: disassembleShader
  api=12 insize=128 outsize=156 ok=1
Cmd: compileSnippet
  api=4 type=0 insize=1152 outsize=2054 kw=DIRLIGHTMAP_COMBINED _EMISSION pd=UNITY_ENABLE_REFLECTION_BUFFERS UNITY_PBS_USE_BRDF1 UNITY_SPECCUBE_BOX_PROJECTION UNITY_SPECCUBE_BLENDING SHADER_API_DESKTOP UNITY_COLORSPACE_GAMMA ok=1
Cmd: disassembleShader
  api=15 insize=2054 outsize=3510 ok=1
Cmd: disassembleShader
  api=12 insize=1100 outsize=1947 ok=1
Cmd: compileSnippet
  api=1 type=1 insize=1152 outsize=1232 kw=DIRLIGHTMAP_SEPARATE _EMISSION pd=UNITY_ENABLE_REFLECTION_BUFFERS UNITY_PBS_USE_BRDF1 UNITY_SPECCUBE_BOX_PROJECTION UNITY_SPECCUBE_BLENDING SHADER_API_DESKTOP UNITY_COLORSPACE_GAMMA ok=1
Cmd: disassembleShader
  api=12 insize=1232 outsize=2142 ok=1
Cmd: disassembleShader
  api=12 insize=1064 outsize=1876 ok=1
Cmd: compileSnippet
  api=1 type=1 insize=1152 outsize=1196 kw=DIRLIGHTMAP_COMBINED _EMISSION UNITY_HDR_ON pd=UNITY_ENABLE_REFLECTION_BUFFERS UNITY_PBS_USE_BRDF1 UNITY_SPECCUBE_BOX_PROJECTION UNITY_SPECCUBE_BLENDING SHADER_API_DESKTOP UNITY_COLORSPACE_GAMMA ok=1
Cmd: disassembleShader
  api=12 insize=1196 outsize=2071 ok=1
Cmd: disassembleShader
  api=9 insize=2188 outsize=3523 ok=1
Cmd: compileSnippet
  api=1 type=0 insize=1098 outsize=1664 kw=DIRECTIONAL SHADOWS_SCREEN _EMISSION pd=UNITY_ENABLE_REFLECTION_BUFFERS UNITY_PBS_USE_BRDF1 UNITY_SPECCUBE_BOX_PROJECTION UNITY_SPECCUBE_BLENDING SHADER_API_DESKTOP UNITY_COLORSPACE_GAMMA ok=1
Cmd: disassembleShader
  api=9 insize=1664 outsize=2758 ok=1
Cmd: compileSnippet
  api=4 type=0 insize=1098 outsize=2994 kw=DIRECTIONAL SHADOWS_SCREEN _EMISSION VERTEXLIGHT_ON pd=UNITY_ENABLE_REFLECTION_BUFFERS UNITY_PBS_USE_BRDF1 UNITY_SPECCUBE_BOX_PROJECTION UNITY_SPECCUBE_BLENDING SHADER_API_DESKTOP UNITY_COLORSPACE_GAMMA ok=1
Cmd: disassembleShader
  api=15 insize=2994 outsize=4820 ok=1
Cmd: compileSnippet
  api=1 type=1 insize=1098 outsize=1592 kw=DIRECTIONAL _EMISSION pd=UNITY_ENABLE_REFLECTION_BUFFERS UNITY_PBS_USE_BRDF1 UNITY_SPECCUBE_BOX_PROJECTION UNITY_SPECCUBE_BLENDING SHADER_API_DESKTOP UNITY_COLORSPACE_GAMMA ok=1
Cmd: disassembleShader
  api=11 insize=1592 outsize=2690 ok=1
Cmd: disassembleShader
  api=15 insize=1454 outsize=2668 ok=1
Cmd: disassembleShader
  api=13 insize=2666 outsize=5453 ok=1
Cmd: disassembleShader
  api=15 insize=1942 outsize=3363 ok=1
Cmd: disassembleShader
  api=14 insize=1910 outsize=4210 ok=1
Cmd: disassembleShader
  api=17 insize=1518 outsize=2849 ok=1
Cmd: disassembleShader
  api=17 insize=1426 outsize=2685 ok=1
